mode: atomic
github.com/tetuyoko/mgnzip/zip.go:18.55,20.16 2 3
github.com/tetuyoko/mgnzip/zip.go:24.2,24.27 1 2
github.com/tetuyoko/mgnzip/zip.go:20.16,22.3 1 1
github.com/tetuyoko/mgnzip/zip.go:32.61,33.50 1 2
github.com/tetuyoko/mgnzip/zip.go:37.2,38.16 2 2
github.com/tetuyoko/mgnzip/zip.go:41.2,45.27 3 2
github.com/tetuyoko/mgnzip/zip.go:79.2,79.19 1 2
github.com/tetuyoko/mgnzip/zip.go:33.50,35.3 1 0
github.com/tetuyoko/mgnzip/zip.go:38.16,40.3 1 0
github.com/tetuyoko/mgnzip/zip.go:45.27,46.43 1 14
github.com/tetuyoko/mgnzip/zip.go:50.3,51.17 2 14
github.com/tetuyoko/mgnzip/zip.go:54.3,60.27 4 14
github.com/tetuyoko/mgnzip/zip.go:46.43,47.12 1 0
github.com/tetuyoko/mgnzip/zip.go:51.17,53.4 1 0
github.com/tetuyoko/mgnzip/zip.go:60.27,62.4 1 0
github.com/tetuyoko/mgnzip/zip.go:62.9,68.18 3 14
github.com/tetuyoko/mgnzip/zip.go:71.4,73.44 2 14
github.com/tetuyoko/mgnzip/zip.go:68.18,70.5 1 0
github.com/tetuyoko/mgnzip/zip.go:73.44,75.5 1 0
